<?xml version="1.0" encoding="UTF-8"?>
<testsuites>
    <testsuite name="force.apex" timestamp="2019-12-05T13:27:42+00:00" hostname="https://enterprise-ruby-7877-dev-ed.cs86.my.salesforce.com" tests="1" failures="1"  errors="0"  time="0.16">
        <properties>
            <property name="outcome" value="Failed"/>
            <property name="testsRan" value="1"/>
            <property name="passing" value="0"/>
            <property name="failing" value="1"/>
            <property name="skipped" value="0"/>
            <property name="passRate" value="0%"/>
            <property name="failRate" value="100%"/>
            <property name="testStartTime" value="Dec 5, 2019 1:27 PM"/>
            <property name="testExecutionTime" value="0.16 s"/>
            <property name="testTotalTime" value="0.16 s"/>
            <property name="commandTime" value="2.18 s"/>
            <property name="hostname" value="https://enterprise-ruby-7877-dev-ed.cs86.my.salesforce.com"/>
            <property name="orgId" value="00D7E000000E4GAUA0"/>
            <property name="username" value="test-d1mnguhzovnl@example.com"/>
            <property name="testRunId" value="7077E00001yPzgv"/>
            <property name="userId" value="0057E000008W6ZaQAK"/>
        </properties>
        <testcase name="getPropertyAddress" classname="ltngMapLtngMapController_Test" time="0.16">
            <failure message="System.NullPointerException: Attempt to de-reference a null object"><![CDATA[Class.ltngMap.LtngMapController_Test.getPropertyAddress: line 19, column 1]]></failure>
        </testcase>
    </testsuite>
</testsuites>
